{
  "stats": {
    "suites": 1,
    "tests": 3,
    "passes": 3,
    "pending": 0,
    "failures": 0,
    "start": "2022-07-28T20:12:48.153Z",
    "end": "2022-07-28T20:12:51.145Z",
    "duration": 2992,
    "testsRegistered": 3,
    "passPercent": 100,
    "pendingPercent": 0,
    "other": 0,
    "hasOther": false,
    "skipped": 0,
    "hasSkipped": false
  },
  "results": [
    {
      "uuid": "777871fc-5496-4e84-b3fd-03bd3f1593b3",
      "title": "",
      "fullFile": "cypress/integration/02.Header_spec.js",
      "file": "cypress/integration/02.Header_spec.js",
      "beforeHooks": [],
      "afterHooks": [],
      "tests": [],
      "suites": [
        {
          "uuid": "092bafb3-8e93-4a9b-bf48-b4e89f2f93e3",
          "title": "2 - Crie um header para a página de carteira contendo as seguintes características:",
          "fullFile": "",
          "file": "",
          "beforeHooks": [],
          "afterHooks": [],
          "tests": [
            {
              "title": "Um elemento que exiba o email do usuário que fez login.",
              "fullTitle": "2 - Crie um header para a página de carteira contendo as seguintes características: Um elemento que exiba o email do usuário que fez login.",
              "timedOut": null,
              "duration": 917,
              "state": "passed",
              "speed": "fast",
              "pass": true,
              "fail": false,
              "pending": false,
              "context": null,
              "code": "cy.getByTestId(_constants.EMAIL_FIELD_TEST_ID).should('contain', _constants.VALID_EMAIL);",
              "err": {},
              "uuid": "d37673df-c896-45d9-bba6-849966548796",
              "parentUUID": "092bafb3-8e93-4a9b-bf48-b4e89f2f93e3",
              "isHook": false,
              "skipped": false
            },
            {
              "title": "Crie um campo com a despesa total gerada pela lista de gastos.",
              "fullTitle": "2 - Crie um header para a página de carteira contendo as seguintes características: Crie um campo com a despesa total gerada pela lista de gastos.",
              "timedOut": null,
              "duration": 607,
              "state": "passed",
              "speed": "fast",
              "pass": true,
              "fail": false,
              "pending": false,
              "context": null,
              "code": "cy.getByTestId(_constants.TOTAL_FIELD_TEST_ID).should('contain', '0');",
              "err": {},
              "uuid": "4fa9d9dc-292f-4787-8eee-f967f242d94f",
              "parentUUID": "092bafb3-8e93-4a9b-bf48-b4e89f2f93e3",
              "isHook": false,
              "skipped": false
            },
            {
              "title": "Crie um campo que mostre que qual câmbio está sendo utilizado, que será neste caso 'BRL'",
              "fullTitle": "2 - Crie um header para a página de carteira contendo as seguintes características: Crie um campo que mostre que qual câmbio está sendo utilizado, que será neste caso 'BRL'",
              "timedOut": null,
              "duration": 598,
              "state": "passed",
              "speed": "fast",
              "pass": true,
              "fail": false,
              "pending": false,
              "context": null,
              "code": "cy.getByTestId(_constants.HEADER_CURRENCY_FIELD_TEST_ID).should('contain', 'BRL');",
              "err": {},
              "uuid": "6bb66440-22c5-4621-88fc-a029a3df2847",
              "parentUUID": "092bafb3-8e93-4a9b-bf48-b4e89f2f93e3",
              "isHook": false,
              "skipped": false
            }
          ],
          "suites": [],
          "passes": [
            "d37673df-c896-45d9-bba6-849966548796",
            "4fa9d9dc-292f-4787-8eee-f967f242d94f",
            "6bb66440-22c5-4621-88fc-a029a3df2847"
          ],
          "failures": [],
          "pending": [],
          "skipped": [],
          "duration": 2122,
          "root": false,
          "rootEmpty": false,
          "_timeout": 2000
        }
      ],
      "passes": [],
      "failures": [],
      "pending": [],
      "skipped": [],
      "duration": 0,
      "root": true,
      "rootEmpty": true,
      "_timeout": 2000
    }
  ],
  "meta": {
    "mocha": {
      "version": "7.0.1"
    },
    "mochawesome": {
      "options": {
        "quiet": false,
        "reportFilename": "mochawesome",
        "saveHtml": false,
        "saveJson": true,
        "consoleReporter": "spec",
        "useInlineDiffs": false,
        "code": true
      },
      "version": "7.1.3"
    },
    "marge": {
      "options": {
        "id": "default",
        "reportDir": "cypress/reports",
        "overwrite": false,
        "html": false,
        "json": true
      },
      "version": "6.2.0"
    }
  }
}